<?xml version="1.0" encoding="UTF-8"?>
<!-- Generated by org.testng.reporters.JUnitXMLReporter -->
<testsuite ignored="2" hostname="LAPTOP-FKDPNV7C" failures="0" tests="2" name="Default test" time="27.963" errors="0" timestamp="2023-02-22T13:31:49 IST">
  <testcase classname="com.facebook.qa.testcases.LoginPageTest" name="MultiUserLogin" time="0.955"/>
  <testcase classname="com.facebook.qa.testcases.LoginPageTest" name="MultiUserLogin" time="0.975"/>
  <testcase classname="com.facebook.qa.testcases.LoginPageTest" name="loginTest" time="0.0">
    <ignored/>
  </testcase> <!-- loginTest -->
  <testcase classname="com.facebook.qa.testcases.LoginPageTest" name="facebooklogo" time="0.0">
    <ignored/>
  </testcase> <!-- facebooklogo -->
</testsuite> <!-- Default test -->
